Log file open, 02/22/20 06:37:12
LogWindows: Failed to load 'aqProf.dll' (GetLastError=126)
LogWindows: File 'aqProf.dll' does not exist
LogWindows: Failed to load 'VtuneApi.dll' (GetLastError=126)
LogWindows: File 'VtuneApi.dll' does not exist
LogWindows: Failed to load 'VtuneApi32e.dll' (GetLastError=126)
LogWindows: File 'VtuneApi32e.dll' does not exist
LogConsoleResponse: Display: Failed to find resolution value strings in scalability ini. Falling back to default.
LogInit: Display: Running engine for game: Multiplayer
LogPlatformFile: Not using cached read wrapper
LogTaskGraph: Started task graph with 5 named threads and 14 total threads with 3 sets of task threads.
LogStats: Stats thread started at 0.180069
LogD3D11RHI: Loaded GFSDK_Aftermath_Lib.x64.dll
LogICUInternationalization: ICU TimeZone Detection - Raw Offset: +1:00, Platform Override: ''
LogPluginManager: Mounting plugin Paper2D
LogPluginManager: Mounting plugin AdvancedSessions
LogPluginManager: Mounting plugin AdvancedSteamSessions
LogPluginManager: Mounting plugin AISupport
LogPluginManager: Mounting plugin LightPropagationVolume
LogPluginManager: Mounting plugin ActorLayerUtilities
LogPluginManager: Mounting plugin AnimationSharing
LogPluginManager: Mounting plugin CLionSourceCodeAccess
LogPluginManager: Mounting plugin CodeLiteSourceCodeAccess
LogPluginManager: Mounting plugin GitSourceControl
LogPluginManager: Mounting plugin KDevelopSourceCodeAccess
LogPluginManager: Mounting plugin NullSourceCodeAccess
LogPluginManager: Mounting plugin PerforceSourceControl
LogPluginManager: Mounting plugin PlasticSourceControl
LogPluginManager: Mounting plugin SubversionSourceControl
LogPluginManager: Mounting plugin UObjectPlugin
LogPluginManager: Mounting plugin VisualStudioCodeSourceCodeAccess
LogPluginManager: Mounting plugin VisualStudioSourceCodeAccess
LogPluginManager: Mounting plugin XCodeSourceCodeAccess
LogPluginManager: Mounting plugin AssetManagerEditor
LogPluginManager: Mounting plugin CryptoKeys
LogPluginManager: Mounting plugin CurveEditorTools
LogPluginManager: Mounting plugin DataValidation
LogPluginManager: Mounting plugin FacialAnimation
LogPluginManager: Mounting plugin GameplayTagsEditor
LogPluginManager: Mounting plugin MacGraphicsSwitching
LogPluginManager: Mounting plugin MaterialAnalyzer
LogPluginManager: Mounting plugin MobileLauncherProfileWizard
LogPluginManager: Mounting plugin PluginBrowser
LogPluginManager: Mounting plugin SpeedTreeImporter
LogPluginManager: Mounting plugin DatasmithContent
LogPluginManager: Mounting plugin VariantManagerContent
LogPluginManager: Mounting plugin AlembicImporter
LogPluginManager: Mounting plugin AutomationUtils
LogPluginManager: Mounting plugin BackChannel
LogPluginManager: Mounting plugin CharacterAI
LogPluginManager: Mounting plugin GeometryCache
LogPluginManager: Mounting plugin PlatformCrypto
LogPluginManager: Mounting plugin ProxyLODPlugin
LogPluginManager: Mounting plugin SkeletalReduction
LogPluginManager: Mounting plugin MagicLeap
LogPluginManager: Mounting plugin MagicLeapMedia
LogPluginManager: Mounting plugin MLSDK
LogPluginManager: Mounting plugin SmoothSyncPlugin
LogPluginManager: Mounting plugin AndroidMedia
LogPluginManager: Mounting plugin AvfMedia
LogPluginManager: Mounting plugin ImgMedia
LogPluginManager: Mounting plugin MediaCompositing
LogPluginManager: Mounting plugin MediaPlayerEditor
LogPluginManager: Mounting plugin WebMMedia
LogPluginManager: Mounting plugin WmfMedia
LogPluginManager: Mounting plugin TcpMessaging
LogPluginManager: Mounting plugin UdpMessaging
LogPluginManager: Mounting plugin ActorSequence
LogPluginManager: Mounting plugin LevelSequenceEditor
LogPluginManager: Mounting plugin MatineeToLevelSequence
LogPluginManager: Mounting plugin NetcodeUnitTest
LogPluginManager: Mounting plugin NUTUnrealEngine4
LogPluginManager: Mounting plugin OnlineSubsystemGooglePlay
LogPluginManager: Mounting plugin OnlineSubsystemIOS
LogPluginManager: Mounting plugin OnlineSubsystem
LogPluginManager: Mounting plugin OnlineSubsystemNull
LogPluginManager: Mounting plugin OnlineSubsystemSteam
LogPluginManager: Mounting plugin OnlineSubsystemUtils
LogPluginManager: Mounting plugin LauncherChunkInstaller
LogPluginManager: Mounting plugin AndroidDeviceProfileSelector
LogPluginManager: Mounting plugin AndroidMoviePlayer
LogPluginManager: Mounting plugin AndroidPermission
LogPluginManager: Mounting plugin AppleImageUtils
LogPluginManager: Mounting plugin AppleMoviePlayer
LogPluginManager: Mounting plugin ArchVisCharacter
LogPluginManager: Mounting plugin AssetTags
LogPluginManager: Mounting plugin AudioCapture
LogPluginManager: Mounting plugin CableComponent
LogPluginManager: Mounting plugin CustomMeshComponent
LogPluginManager: Mounting plugin EditableMesh
LogPluginManager: Mounting plugin ExampleDeviceProfileSelector
LogPluginManager: Mounting plugin GoogleCloudMessaging
LogPluginManager: Mounting plugin IOSDeviceProfileSelector
LogPluginManager: Mounting plugin LinuxDeviceProfileSelector
LogPluginManager: Mounting plugin LocationServicesBPLibrary
LogPluginManager: Mounting plugin MobilePatchingUtils
LogPluginManager: Mounting plugin PhysXVehicles
LogPluginManager: Mounting plugin PostSplashScreen
LogPluginManager: Mounting plugin ProceduralMeshComponent
LogPluginManager: Mounting plugin RuntimePhysXCooking
LogPluginManager: Mounting plugin SignificanceManager
LogPluginManager: Mounting plugin SteamShared
LogPluginManager: Mounting plugin WebMMoviePlayer
LogPluginManager: Mounting plugin WindowsMoviePlayer
LogPluginManager: Mounting plugin ScreenshotTools
LogInit: Using libcurl 7.55.1-DEV
LogInit:  - built for x86_64-pc-win32
LogInit:  - supports SSL with OpenSSL/1.1.1
LogInit:  - supports HTTP deflate (compression) using libz 1.2.8
LogInit:  - other features:
LogInit:      CURL_VERSION_SSL
LogInit:      CURL_VERSION_LIBZ
LogInit:      CURL_VERSION_IPV6
LogInit:      CURL_VERSION_ASYNCHDNS
LogInit:      CURL_VERSION_LARGEFILE
LogInit:      CURL_VERSION_IDN
LogInit:  CurlRequestOptions (configurable via config and command line):
LogInit:  - bVerifyPeer = true  - Libcurl will verify peer certificate
LogInit:  - bUseHttpProxy = false  - Libcurl will NOT use HTTP proxy
LogInit:  - bDontReuseConnections = false  - Libcurl will reuse connections
LogInit:  - MaxHostConnections = 16  - Libcurl will limit the number of connections to a host
LogInit:  - LocalHostAddr = Default
LogInit:  - BufferSize = 65536
LogSteamShared: Display: Loading Steam SDK 1.46
LogSteamShared: Steam SDK Loaded!
LogOnline: OSS: Creating online subsystem instance for: Steam
LogOnline: STEAM: Steam User is subscribed 1
LogOnline: STEAM: [AppId: 480] Client API initialized 1
LogOnline: STEAM: [AppId: 480] Game Server API initialized 1
LogOnline: STEAM: Initializing SteamNetworking Layer
LogOnline: STEAM: Missing P2PCleanupTimeout key in OnlineSubsystemSteam of DefaultEngine.ini, using default
LogInit: WinSock: version 1.1 (2.2), MaxSocks=32767, MaxUdp=65467
LogOnline: OSS: TryLoadSubsystemAndSetDefault: Loaded subsystem for module [Steam]
LogInit: Build: ++UE4+Release-4.24-CL-11100242
LogInit: Engine Version: 4.24.2-11100242+++UE4+Release-4.24
LogInit: Compatible Engine Version: 4.24.0-10570792+++UE4+Release-4.24
LogInit: Net CL: 10570792
LogInit: OS: Windows 10 (Release 1903) (), CPU: Intel(R) Core(TM) i5-6600K CPU @ 3.50GHz, GPU: NVIDIA GeForce GTX 1070
LogInit: Compiled (64-bit): Jan 24 2020 02:05:53
LogInit: Compiled with Visual C++: 19.16.27032.01
LogInit: Build Configuration: Development
LogInit: Branch Name: ++UE4+Release-4.24
LogInit: Command Line:  /Game/Levels/Lobby -game -PIEVIACONSOLE -ResX=906 -ResY=510 -Multiprocess -messaging -SessionName="Play in Standalone Game" -PktEmulationProfile=Average -windowed
LogInit: Base Directory: D:/Program Files/Epic Games/UE_4.24/Engine/Binaries/Win64/
LogInit: Installed Engine Build: 1
LogDevObjectVersion: Number of dev versions registered: 25
LogDevObjectVersion:   Dev-Blueprints (B0D832E4-1F89-4F0D-ACCF-7EB736FD4AA2): 10
LogDevObjectVersion:   Dev-Build (E1C64328-A22C-4D53-A36C-8E866417BD8C): 0
LogDevObjectVersion:   Dev-Core (375EC13C-06E4-48FB-B500-84F0262A717E): 3
LogDevObjectVersion:   Dev-Editor (E4B068ED-F494-42E9-A231-DA0B2E46BB41): 37
LogDevObjectVersion:   Dev-Framework (CFFC743F-43B0-4480-9391-14DF171D2073): 36
LogDevObjectVersion:   Dev-Mobile (B02B49B5-BB20-44E9-A304-32B752E40360): 2
LogDevObjectVersion:   Dev-Networking (A4E4105C-59A1-49B5-A7C5-40C4547EDFEE): 0
LogDevObjectVersion:   Dev-Online (39C831C9-5AE6-47DC-9A44-9C173E1C8E7C): 0
LogDevObjectVersion:   Dev-Physics (78F01B33-EBEA-4F98-B9B4-84EACCB95AA2): 2
LogDevObjectVersion:   Dev-Platform (6631380F-2D4D-43E0-8009-CF276956A95A): 0
LogDevObjectVersion:   Dev-Rendering (12F88B9F-8875-4AFC-A67C-D90C383ABD29): 36
LogDevObjectVersion:   Dev-Sequencer (7B5AE74C-D270-4C10-A958-57980B212A5A): 11
LogDevObjectVersion:   Dev-VR (D7296918-1DD6-4BDD-9DE2-64A83CC13884): 2
LogDevObjectVersion:   Dev-LoadTimes (C2A15278-BFE7-4AFE-6C17-90FF531DF755): 1
LogDevObjectVersion:   Private-Geometry (6EACA3D4-40EC-4CC1-B786-8BED09428FC5): 3
LogDevObjectVersion:   Dev-AnimPhys (29E575DD-E0A3-4627-9D10-D276232CDCEA): 17
LogDevObjectVersion:   Dev-Anim (AF43A65D-7FD3-4947-9873-3E8ED9C1BB05): 2
LogDevObjectVersion:   Dev-ReflectionCapture (6B266CEC-1EC7-4B8F-A30B-E4D90942FC07): 1
LogDevObjectVersion:   Dev-Automation (0DF73D61-A23F-47EA-B727-89E90C41499A): 1
LogDevObjectVersion:   FortniteMain (601D1886-AC64-4F84-AA16-D3DE0DEAC7D6): 31
LogDevObjectVersion:   Dev-Enterprise (9DFFBCD6-494F-0158-E221-12823C92A888): 8
LogDevObjectVersion:   Dev-Niagara (F2AED0AC-9AFE-416F-8664-AA7FFA26D6FC): 1
LogDevObjectVersion:   Dev-Destruction (174F1F0B-B4C6-45A5-B13F-2EE8D0FB917D): 9
LogDevObjectVersion:   Dev-Physics-Ext (35F94A83-E258-406C-A318-09F59610247C): 8
LogDevObjectVersion:   Dev-CineCamera (B2E18506-4273-CFC2-A54E-F4BB758BBA07): 1
LogInit: Presizing for max 25165824 objects, including 0 objects not considered by GC, pre-allocating 0 bytes for permanent pool.
LogInit: Object subsystem initialized
LogConfig: Setting CVar [[con.DebugEarlyDefault:1]]
LogConfig: Setting CVar [[r.setres:1280x720]]
[2020.02.22-05.37.12:714][  0]LogConfig: Setting CVar [[con.DebugEarlyDefault:1]]
[2020.02.22-05.37.12:714][  0]LogConfig: Setting CVar [[r.setres:1280x720]]
[2020.02.22-05.37.12:714][  0]LogConfig: Applying CVar settings from Section [/Script/Engine.RendererSettings] File [D:/UE4Projects/Multiplayer/Saved/Config/Windows/Engine.ini]
[2020.02.22-05.37.12:714][  0]LogConfig: Setting CVar [[r.GPUCrashDebugging:0]]
[2020.02.22-05.37.12:714][  0]LogConfig: Applying CVar settings from Section [/Script/Engine.RendererOverrideSettings] File [D:/UE4Projects/Multiplayer/Saved/Config/Windows/Engine.ini]
[2020.02.22-05.37.12:714][  0]LogConfig: Applying CVar settings from Section [/Script/Engine.StreamingSettings] File [D:/UE4Projects/Multiplayer/Saved/Config/Windows/Engine.ini]
[2020.02.22-05.37.12:714][  0]LogConfig: Setting CVar [[s.MinBulkDataSizeForAsyncLoading:131072]]
[2020.02.22-05.37.12:714][  0]LogConfig: Setting CVar [[s.AsyncLoadingThreadEnabled:0]]
[2020.02.22-05.37.12:714][  0]LogConfig: Setting CVar [[s.EventDrivenLoaderEnabled:1]]
[2020.02.22-05.37.12:714][  0]LogConfig: Setting CVar [[s.WarnIfTimeLimitExceeded:0]]
[2020.02.22-05.37.12:714][  0]LogConfig: Setting CVar [[s.TimeLimitExceededMultiplier:1.5]]
[2020.02.22-05.37.12:714][  0]LogConfig: Setting CVar [[s.TimeLimitExceededMinTime:0.005]]
[2020.02.22-05.37.12:714][  0]LogConfig: Setting CVar [[s.UseBackgroundLevelStreaming:1]]
[2020.02.22-05.37.12:714][  0]LogConfig: Setting CVar [[s.PriorityAsyncLoadingExtraTime:15.0]]
[2020.02.22-05.37.12:714][  0]LogConfig: Setting CVar [[s.LevelStreamingActorsUpdateTimeLimit:5.0]]
[2020.02.22-05.37.12:714][  0]LogConfig: Setting CVar [[s.PriorityLevelStreamingActorsUpdateExtraTime:5.0]]
[2020.02.22-05.37.12:714][  0]LogConfig: Setting CVar [[s.LevelStreamingComponentsRegistrationGranularity:10]]
[2020.02.22-05.37.12:714][  0]LogConfig: Setting CVar [[s.UnregisterComponentsTimeLimit:1.0]]
[2020.02.22-05.37.12:714][  0]LogConfig: Setting CVar [[s.LevelStreamingComponentsUnregistrationGranularity:5]]
[2020.02.22-05.37.12:714][  0]LogConfig: Setting CVar [[s.FlushStreamingOnExit:1]]
[2020.02.22-05.37.12:714][  0]LogConfig: Applying CVar settings from Section [/Script/Engine.GarbageCollectionSettings] File [D:/UE4Projects/Multiplayer/Saved/Config/Windows/Engine.ini]
[2020.02.22-05.37.12:714][  0]LogConfig: Setting CVar [[gc.MaxObjectsNotConsideredByGC:1]]
[2020.02.22-05.37.12:714][  0]LogConfig: Setting CVar [[gc.SizeOfPermanentObjectPool:0]]
[2020.02.22-05.37.12:714][  0]LogConfig: Setting CVar [[gc.FlushStreamingOnGC:0]]
[2020.02.22-05.37.12:714][  0]LogConfig: Setting CVar [[gc.NumRetriesBeforeForcingGC:10]]
[2020.02.22-05.37.12:714][  0]LogConfig: Setting CVar [[gc.AllowParallelGC:1]]
[2020.02.22-05.37.12:714][  0]LogConfig: Setting CVar [[gc.TimeBetweenPurgingPendingKillObjects:61.1]]
[2020.02.22-05.37.12:714][  0]LogConfig: Setting CVar [[gc.MaxObjectsInEditor:25165824]]
[2020.02.22-05.37.12:714][  0]LogConfig: Setting CVar [[gc.IncrementalBeginDestroyEnabled:1]]
[2020.02.22-05.37.12:714][  0]LogConfig: Setting CVar [[gc.CreateGCClusters:1]]
[2020.02.22-05.37.12:714][  0]LogConfig: Setting CVar [[gc.MinGCClusterSize:5]]
[2020.02.22-05.37.12:714][  0]LogConfig: Setting CVar [[gc.ActorClusteringEnabled:0]]
[2020.02.22-05.37.12:714][  0]LogConfig: Setting CVar [[gc.BlueprintClusteringEnabled:0]]
[2020.02.22-05.37.12:714][  0]LogConfig: Setting CVar [[gc.UseDisregardForGCOnDedicatedServers:0]]
[2020.02.22-05.37.12:714][  0]LogConfig: Applying CVar settings from Section [/Script/Engine.NetworkSettings] File [D:/UE4Projects/Multiplayer/Saved/Config/Windows/Engine.ini]
[2020.02.22-05.37.12:714][  0]LogConfig: Applying CVar settings from Section [/Script/UnrealEd.CookerSettings] File [D:/UE4Projects/Multiplayer/Saved/Config/Windows/Engine.ini]
[2020.02.22-05.37.12:716][  0]LogConfig: Applying CVar settings from Section [ViewDistanceQuality@3] File [D:/UE4Projects/Multiplayer/Saved/Config/Windows/Scalability.ini]
[2020.02.22-05.37.12:716][  0]LogConfig: Setting CVar [[r.SkeletalMeshLODBias:0]]
[2020.02.22-05.37.12:716][  0]LogConfig: Setting CVar [[r.ViewDistanceScale:1.0]]
[2020.02.22-05.37.12:716][  0]LogConfig: Applying CVar settings from Section [AntiAliasingQuality@3] File [D:/UE4Projects/Multiplayer/Saved/Config/Windows/Scalability.ini]
[2020.02.22-05.37.12:716][  0]LogConfig: Setting CVar [[r.PostProcessAAQuality:4]]
[2020.02.22-05.37.12:716][  0]LogConfig: Applying CVar settings from Section [ShadowQuality@3] File [D:/UE4Projects/Multiplayer/Saved/Config/Windows/Scalability.ini]
[2020.02.22-05.37.12:716][  0]LogConfig: Setting CVar [[r.LightFunctionQuality:1]]
[2020.02.22-05.37.12:716][  0]LogConfig: Setting CVar [[r.ShadowQuality:5]]
[2020.02.22-05.37.12:716][  0]LogConfig: Setting CVar [[r.Shadow.CSM.MaxCascades:10]]
[2020.02.22-05.37.12:716][  0]LogConfig: Setting CVar [[r.Shadow.MaxResolution:2048]]
[2020.02.22-05.37.12:716][  0]LogConfig: Setting CVar [[r.Shadow.MaxCSMResolution:2048]]
[2020.02.22-05.37.12:716][  0]LogConfig: Setting CVar [[r.Shadow.RadiusThreshold:0.01]]
[2020.02.22-05.37.12:716][  0]LogConfig: Setting CVar [[r.Shadow.DistanceScale:1.0]]
[2020.02.22-05.37.12:716][  0]LogConfig: Setting CVar [[r.Shadow.CSM.TransitionScale:1.0]]
[2020.02.22-05.37.12:716][  0]LogConfig: Setting CVar [[r.Shadow.PreShadowResolutionFactor:1.0]]
[2020.02.22-05.37.12:716][  0]LogConfig: Setting CVar [[r.DistanceFieldShadowing:1]]
[2020.02.22-05.37.12:716][  0]LogConfig: Setting CVar [[r.DistanceFieldAO:1]]
[2020.02.22-05.37.12:716][  0]LogConfig: Setting CVar [[r.AOQuality:2]]
[2020.02.22-05.37.12:716][  0]LogConfig: Setting CVar [[r.VolumetricFog:1]]
[2020.02.22-05.37.12:716][  0]LogConfig: Setting CVar [[r.VolumetricFog.GridPixelSize:8]]
[2020.02.22-05.37.12:716][  0]LogConfig: Setting CVar [[r.VolumetricFog.GridSizeZ:128]]
[2020.02.22-05.37.12:716][  0]LogConfig: Setting CVar [[r.VolumetricFog.HistoryMissSupersampleCount:4]]
[2020.02.22-05.37.12:716][  0]LogConfig: Setting CVar [[r.LightMaxDrawDistanceScale:1]]
[2020.02.22-05.37.12:716][  0]LogConfig: Setting CVar [[r.CapsuleShadows:1]]
[2020.02.22-05.37.12:716][  0]LogConfig: Applying CVar settings from Section [PostProcessQuality@3] File [D:/UE4Projects/Multiplayer/Saved/Config/Windows/Scalability.ini]
[2020.02.22-05.37.12:716][  0]LogConfig: Setting CVar [[r.MotionBlurQuality:4]]
[2020.02.22-05.37.12:716][  0]LogConfig: Setting CVar [[r.AmbientOcclusionMipLevelFactor:0.4]]
[2020.02.22-05.37.12:716][  0]LogConfig: Setting CVar [[r.AmbientOcclusionMaxQuality:100]]
[2020.02.22-05.37.12:716][  0]LogConfig: Setting CVar [[r.AmbientOcclusionLevels:-1]]
[2020.02.22-05.37.12:716][  0]LogConfig: Setting CVar [[r.AmbientOcclusionRadiusScale:1.0]]
[2020.02.22-05.37.12:717][  0]LogConfig: Setting CVar [[r.DepthOfFieldQuality:2]]
[2020.02.22-05.37.12:717][  0]LogConfig: Setting CVar [[r.RenderTargetPoolMin:400]]
[2020.02.22-05.37.12:717][  0]LogConfig: Setting CVar [[r.LensFlareQuality:2]]
[2020.02.22-05.37.12:717][  0]LogConfig: Setting CVar [[r.SceneColorFringeQuality:1]]
[2020.02.22-05.37.12:717][  0]LogConfig: Setting CVar [[r.EyeAdaptationQuality:2]]
[2020.02.22-05.37.12:717][  0]LogConfig: Setting CVar [[r.BloomQuality:5]]
[2020.02.22-05.37.12:717][  0]LogConfig: Setting CVar [[r.FastBlurThreshold:100]]
[2020.02.22-05.37.12:717][  0]LogConfig: Setting CVar [[r.Upscale.Quality:3]]
[2020.02.22-05.37.12:717][  0]LogConfig: Setting CVar [[r.Tonemapper.GrainQuantization:1]]
[2020.02.22-05.37.12:717][  0]LogConfig: Setting CVar [[r.LightShaftQuality:1]]
[2020.02.22-05.37.12:717][  0]LogConfig: Setting CVar [[r.Filter.SizeScale:1]]
[2020.02.22-05.37.12:717][  0]LogConfig: Setting CVar [[r.Tonemapper.Quality:5]]
[2020.02.22-05.37.12:717][  0]LogConfig: Setting CVar [[r.DOF.Gather.AccumulatorQuality:1        ; higher gathering accumulator quality]]
[2020.02.22-05.37.12:717][  0]LogConfig: Setting CVar [[r.DOF.Gather.PostfilterMethod:1          ; Median3x3 postfilering method]]
[2020.02.22-05.37.12:717][  0]LogConfig: Setting CVar [[r.DOF.Gather.EnableBokehSettings:0       ; no bokeh simulation when gathering]]
[2020.02.22-05.37.12:717][  0]LogConfig: Setting CVar [[r.DOF.Gather.RingCount:4                 ; medium number of samples when gathering]]
[2020.02.22-05.37.12:717][  0]LogConfig: Setting CVar [[r.DOF.Scatter.ForegroundCompositing:1    ; additive foreground scattering]]
[2020.02.22-05.37.12:717][  0]LogConfig: Setting CVar [[r.DOF.Scatter.BackgroundCompositing:2    ; additive background scattering]]
[2020.02.22-05.37.12:717][  0]LogConfig: Setting CVar [[r.DOF.Scatter.EnableBokehSettings:1      ; bokeh simulation when scattering]]
[2020.02.22-05.37.12:717][  0]LogConfig: Setting CVar [[r.DOF.Scatter.MaxSpriteRatio:0.1         ; only a maximum of 10% of scattered bokeh]]
[2020.02.22-05.37.12:717][  0]LogConfig: Setting CVar [[r.DOF.Recombine.Quality:1                ; cheap slight out of focus]]
[2020.02.22-05.37.12:717][  0]LogConfig: Setting CVar [[r.DOF.Recombine.EnableBokehSettings:0    ; no bokeh simulation on slight out of focus]]
[2020.02.22-05.37.12:717][  0]LogConfig: Setting CVar [[r.DOF.TemporalAAQuality:1                ; more stable temporal accumulation]]
[2020.02.22-05.37.12:717][  0]LogConfig: Setting CVar [[r.DOF.Kernel.MaxForegroundRadius:0.025]]
[2020.02.22-05.37.12:717][  0]LogConfig: Setting CVar [[r.DOF.Kernel.MaxBackgroundRadius:0.025]]
[2020.02.22-05.37.12:717][  0]LogConfig: Applying CVar settings from Section [TextureQuality@3] File [D:/UE4Projects/Multiplayer/Saved/Config/Windows/Scalability.ini]
[2020.02.22-05.37.12:717][  0]LogConfig: Setting CVar [[r.Streaming.MipBias:0]]
[2020.02.22-05.37.12:717][  0]LogConfig: Setting CVar [[r.Streaming.AmortizeCPUToGPUCopy:0]]
[2020.02.22-05.37.12:717][  0]LogConfig: Setting CVar [[r.Streaming.MaxNumTexturesToStreamPerFrame:0]]
[2020.02.22-05.37.12:717][  0]LogConfig: Setting CVar [[r.Streaming.Boost:1]]
[2020.02.22-05.37.12:717][  0]LogConfig: Setting CVar [[r.MaxAnisotropy:8]]
[2020.02.22-05.37.12:717][  0]LogConfig: Setting CVar [[r.VT.MaxAnisotropy:8]]
[2020.02.22-05.37.12:717][  0]LogConfig: Setting CVar [[r.Streaming.LimitPoolSizeToVRAM:0]]
[2020.02.22-05.37.12:717][  0]LogConfig: Setting CVar [[r.Streaming.PoolSize:1000]]
[2020.02.22-05.37.12:717][  0]LogConfig: Setting CVar [[r.Streaming.MaxEffectiveScreenSize:0]]
[2020.02.22-05.37.12:717][  0]LogConfig: Applying CVar settings from Section [EffectsQuality@3] File [D:/UE4Projects/Multiplayer/Saved/Config/Windows/Scalability.ini]
[2020.02.22-05.37.12:717][  0]LogConfig: Setting CVar [[r.TranslucencyLightingVolumeDim:64]]
[2020.02.22-05.37.12:717][  0]LogConfig: Setting CVar [[r.RefractionQuality:2]]
[2020.02.22-05.37.12:717][  0]LogConfig: Setting CVar [[r.SSR.Quality:3]]
[2020.02.22-05.37.12:717][  0]LogConfig: Setting CVar [[r.SSR.HalfResSceneColor:0]]
[2020.02.22-05.37.12:717][  0]LogConfig: Setting CVar [[r.SceneColorFormat:4]]
[2020.02.22-05.37.12:717][  0]LogConfig: Setting CVar [[r.DetailMode:2]]
[2020.02.22-05.37.12:717][  0]LogConfig: Setting CVar [[r.TranslucencyVolumeBlur:1]]
[2020.02.22-05.37.12:717][  0]LogConfig: Setting CVar [[r.MaterialQualityLevel:1 ; High quality]]
[2020.02.22-05.37.12:717][  0]LogConfig: Setting CVar [[r.SSS.Scale:1]]
[2020.02.22-05.37.12:717][  0]LogConfig: Setting CVar [[r.SSS.SampleSet:2]]
[2020.02.22-05.37.12:717][  0]LogConfig: Setting CVar [[r.SSS.Quality:1]]
[2020.02.22-05.37.12:717][  0]LogConfig: Setting CVar [[r.SSS.HalfRes:1]]
[2020.02.22-05.37.12:717][  0]LogConfig: Setting CVar [[r.SSGI.Quality:3]]
[2020.02.22-05.37.12:717][  0]LogConfig: Setting CVar [[r.EmitterSpawnRateScale:1.0]]
[2020.02.22-05.37.12:717][  0]LogConfig: Setting CVar [[r.ParticleLightQuality:2]]
[2020.02.22-05.37.12:717][  0]LogConfig: Setting CVar [[r.SkyAtmosphere.AerialPerspectiveLUT.FastApplyOnOpaque:1 ; Always have FastSkyLUT 1 in this case to avoid wrong sky]]
[2020.02.22-05.37.12:717][  0]LogConfig: Setting CVar [[r.SkyAtmosphere.AerialPerspectiveLUT.SampleCountPerSlice:1]]
[2020.02.22-05.37.12:717][  0]LogConfig: Setting CVar [[r.SkyAtmosphere.AerialPerspectiveLUT.DepthResolution:16.0]]
[2020.02.22-05.37.12:717][  0]LogConfig: Setting CVar [[r.SkyAtmosphere.FastSkyLUT:1]]
[2020.02.22-05.37.12:717][  0]LogConfig: Setting CVar [[r.SkyAtmosphere.FastSkyLUT.SampleCountMin:4.0]]
[2020.02.22-05.37.12:717][  0]LogConfig: Setting CVar [[r.SkyAtmosphere.FastSkyLUT.SampleCountMax:32.0]]
[2020.02.22-05.37.12:717][  0]LogConfig: Setting CVar [[r.SkyAtmosphere.SampleCountMin:4.0]]
[2020.02.22-05.37.12:717][  0]LogConfig: Setting CVar [[r.SkyAtmosphere.SampleCountMax:32.0]]
[2020.02.22-05.37.12:717][  0]LogConfig: Setting CVar [[r.SkyAtmosphere.TransmittanceLUT.UseSmallFormat:0]]
[2020.02.22-05.37.12:717][  0]LogConfig: Setting CVar [[r.SkyAtmosphere.TransmittanceLUT.SampleCount:10.0]]
[2020.02.22-05.37.12:717][  0]LogConfig: Setting CVar [[r.SkyAtmosphere.MultiScatteringLUT.SampleCount:15.0]]
[2020.02.22-05.37.12:718][  0]LogConfig: Applying CVar settings from Section [FoliageQuality@3] File [D:/UE4Projects/Multiplayer/Saved/Config/Windows/Scalability.ini]
[2020.02.22-05.37.12:718][  0]LogConfig: Setting CVar [[foliage.DensityScale:1.0]]
[2020.02.22-05.37.12:718][  0]LogConfig: Setting CVar [[grass.DensityScale:1.0]]
[2020.02.22-05.37.12:718][  0]LogConfig: Applying CVar settings from Section [ShadingQuality@3] File [D:/UE4Projects/Multiplayer/Saved/Config/Windows/Scalability.ini]
[2020.02.22-05.37.12:718][  0]LogConfig: Setting CVar [[r.HairStrands.SkyLighting.SampleCount:16]]
[2020.02.22-05.37.12:718][  0]LogConfig: Setting CVar [[r.HairStrands.SkyLighting.JitterIntegration:0]]
[2020.02.22-05.37.12:718][  0]LogConfig: Setting CVar [[r.HairStrands.SkyAO.SampleCount:16]]
[2020.02.22-05.37.12:718][  0]LogInit: Selected Device Profile: [Windows]
[2020.02.22-05.37.12:718][  0]LogInit: Applying CVar settings loaded from the selected device profile: [Windows]
[2020.02.22-05.37.12:721][  0]LogHAL: Display: Platform has ~ 16 GB [17119141888 / 17179869184 / 16], which maps to Larger [LargestMinGB=32, LargerMinGB=12, DefaultMinGB=8, SmallerMinGB=6, SmallestMinGB=0)
[2020.02.22-05.37.12:721][  0]LogInit: Going up to parent DeviceProfile []
[2020.02.22-05.37.12:722][  0]LogConfig: Applying CVar settings from Section [ViewDistanceQuality@3] File [D:/UE4Projects/Multiplayer/Saved/Config/Windows/Scalability.ini]
[2020.02.22-05.37.12:722][  0]LogConfig: Setting CVar [[r.SkeletalMeshLODBias:0]]
[2020.02.22-05.37.12:722][  0]LogConfig: Setting CVar [[r.ViewDistanceScale:1.0]]
[2020.02.22-05.37.12:722][  0]LogConfig: Applying CVar settings from Section [AntiAliasingQuality@3] File [D:/UE4Projects/Multiplayer/Saved/Config/Windows/Scalability.ini]
[2020.02.22-05.37.12:722][  0]LogConfig: Setting CVar [[r.PostProcessAAQuality:4]]
[2020.02.22-05.37.12:722][  0]LogConfig: Applying CVar settings from Section [ShadowQuality@3] File [D:/UE4Projects/Multiplayer/Saved/Config/Windows/Scalability.ini]
[2020.02.22-05.37.12:722][  0]LogConfig: Setting CVar [[r.LightFunctionQuality:1]]
[2020.02.22-05.37.12:722][  0]LogConfig: Setting CVar [[r.ShadowQuality:5]]
[2020.02.22-05.37.12:722][  0]LogConfig: Setting CVar [[r.Shadow.CSM.MaxCascades:10]]
[2020.02.22-05.37.12:722][  0]LogConfig: Setting CVar [[r.Shadow.MaxResolution:2048]]
[2020.02.22-05.37.12:722][  0]LogConfig: Setting CVar [[r.Shadow.MaxCSMResolution:2048]]
[2020.02.22-05.37.12:722][  0]LogConfig: Setting CVar [[r.Shadow.RadiusThreshold:0.01]]
[2020.02.22-05.37.12:722][  0]LogConfig: Setting CVar [[r.Shadow.DistanceScale:1.0]]
[2020.02.22-05.37.12:722][  0]LogConfig: Setting CVar [[r.Shadow.CSM.TransitionScale:1.0]]
[2020.02.22-05.37.12:722][  0]LogConfig: Setting CVar [[r.Shadow.PreShadowResolutionFactor:1.0]]
[2020.02.22-05.37.12:722][  0]LogConfig: Setting CVar [[r.DistanceFieldShadowing:1]]
[2020.02.22-05.37.12:722][  0]LogConfig: Setting CVar [[r.DistanceFieldAO:1]]
[2020.02.22-05.37.12:722][  0]LogConfig: Setting CVar [[r.AOQuality:2]]
[2020.02.22-05.37.12:722][  0]LogConfig: Setting CVar [[r.VolumetricFog:1]]
[2020.02.22-05.37.12:722][  0]LogConfig: Setting CVar [[r.VolumetricFog.GridPixelSize:8]]
[2020.02.22-05.37.12:722][  0]LogConfig: Setting CVar [[r.VolumetricFog.GridSizeZ:128]]
[2020.02.22-05.37.12:722][  0]LogConfig: Setting CVar [[r.VolumetricFog.HistoryMissSupersampleCount:4]]
[2020.02.22-05.37.12:722][  0]LogConfig: Setting CVar [[r.LightMaxDrawDistanceScale:1]]
[2020.02.22-05.37.12:722][  0]LogConfig: Setting CVar [[r.CapsuleShadows:1]]
[2020.02.22-05.37.12:722][  0]LogConfig: Applying CVar settings from Section [PostProcessQuality@3] File [D:/UE4Projects/Multiplayer/Saved/Config/Windows/Scalability.ini]
[2020.02.22-05.37.12:722][  0]LogConfig: Setting CVar [[r.MotionBlurQuality:4]]
[2020.02.22-05.37.12:722][  0]LogConfig: Setting CVar [[r.AmbientOcclusionMipLevelFactor:0.4]]
[2020.02.22-05.37.12:722][  0]LogConfig: Setting CVar [[r.AmbientOcclusionMaxQuality:100]]
[2020.02.22-05.37.12:722][  0]LogConfig: Setting CVar [[r.AmbientOcclusionLevels:-1]]
[2020.02.22-05.37.12:722][  0]LogConfig: Setting CVar [[r.AmbientOcclusionRadiusScale:1.0]]
[2020.02.22-05.37.12:722][  0]LogConfig: Setting CVar [[r.DepthOfFieldQuality:2]]
[2020.02.22-05.37.12:722][  0]LogConfig: Setting CVar [[r.RenderTargetPoolMin:400]]
[2020.02.22-05.37.12:722][  0]LogConfig: Setting CVar [[r.LensFlareQuality:2]]
[2020.02.22-05.37.12:722][  0]LogConfig: Setting CVar [[r.SceneColorFringeQuality:1]]
[2020.02.22-05.37.12:722][  0]LogConfig: Setting CVar [[r.EyeAdaptationQuality:2]]
[2020.02.22-05.37.12:722][  0]LogConfig: Setting CVar [[r.BloomQuality:5]]
[2020.02.22-05.37.12:722][  0]LogConfig: Setting CVar [[r.FastBlurThreshold:100]]
[2020.02.22-05.37.12:722][  0]LogConfig: Setting CVar [[r.Upscale.Quality:3]]
[2020.02.22-05.37.12:722][  0]LogConfig: Setting CVar [[r.Tonemapper.GrainQuantization:1]]
[2020.02.22-05.37.12:722][  0]LogConfig: Setting CVar [[r.LightShaftQuality:1]]
[2020.02.22-05.37.12:722][  0]LogConfig: Setting CVar [[r.Filter.SizeScale:1]]
[2020.02.22-05.37.12:722][  0]LogConfig: Setting CVar [[r.Tonemapper.Quality:5]]
[2020.02.22-05.37.12:722][  0]LogConfig: Setting CVar [[r.DOF.Gather.AccumulatorQuality:1        ; higher gathering accumulator quality]]
[2020.02.22-05.37.12:722][  0]LogConfig: Setting CVar [[r.DOF.Gather.PostfilterMethod:1          ; Median3x3 postfilering method]]
[2020.02.22-05.37.12:722][  0]LogConfig: Setting CVar [[r.DOF.Gather.EnableBokehSettings:0       ; no bokeh simulation when gathering]]
[2020.02.22-05.37.12:722][  0]LogConfig: Setting CVar [[r.DOF.Gather.RingCount:4                 ; medium number of samples when gathering]]
[2020.02.22-05.37.12:722][  0]LogConfig: Setting CVar [[r.DOF.Scatter.ForegroundCompositing:1    ; additive foreground scattering]]
[2020.02.22-05.37.12:722][  0]LogConfig: Setting CVar [[r.DOF.Scatter.BackgroundCompositing:2    ; additive background scattering]]
[2020.02.22-05.37.12:722][  0]LogConfig: Setting CVar [[r.DOF.Scatter.EnableBokehSettings:1      ; bokeh simulation when scattering]]
[2020.02.22-05.37.12:722][  0]LogConfig: Setting CVar [[r.DOF.Scatter.MaxSpriteRatio:0.1         ; only a maximum of 10% of scattered bokeh]]
[2020.02.22-05.37.12:722][  0]LogConfig: Setting CVar [[r.DOF.Recombine.Quality:1                ; cheap slight out of focus]]
[2020.02.22-05.37.12:722][  0]LogConfig: Setting CVar [[r.DOF.Recombine.EnableBokehSettings:0    ; no bokeh simulation on slight out of focus]]
[2020.02.22-05.37.12:722][  0]LogConfig: Setting CVar [[r.DOF.TemporalAAQuality:1                ; more stable temporal accumulation]]
[2020.02.22-05.37.12:722][  0]LogConfig: Setting CVar [[r.DOF.Kernel.MaxForegroundRadius:0.025]]
[2020.02.22-05.37.12:722][  0]LogConfig: Setting CVar [[r.DOF.Kernel.MaxBackgroundRadius:0.025]]
[2020.02.22-05.37.12:722][  0]LogConfig: Applying CVar settings from Section [TextureQuality@3] File [D:/UE4Projects/Multiplayer/Saved/Config/Windows/Scalability.ini]
[2020.02.22-05.37.12:722][  0]LogConfig: Setting CVar [[r.Streaming.MipBias:0]]
[2020.02.22-05.37.12:722][  0]LogConfig: Setting CVar [[r.Streaming.AmortizeCPUToGPUCopy:0]]
[2020.02.22-05.37.12:722][  0]LogConfig: Setting CVar [[r.Streaming.MaxNumTexturesToStreamPerFrame:0]]
[2020.02.22-05.37.12:722][  0]LogConfig: Setting CVar [[r.Streaming.Boost:1]]
[2020.02.22-05.37.12:722][  0]LogConfig: Setting CVar [[r.MaxAnisotropy:8]]
[2020.02.22-05.37.12:722][  0]LogConfig: Setting CVar [[r.VT.MaxAnisotropy:8]]
[2020.02.22-05.37.12:722][  0]LogConfig: Setting CVar [[r.Streaming.LimitPoolSizeToVRAM:0]]
[2020.02.22-05.37.12:722][  0]LogConfig: Setting CVar [[r.Streaming.PoolSize:1000]]
[2020.02.22-05.37.12:722][  0]LogConfig: Setting CVar [[r.Streaming.MaxEffectiveScreenSize:0]]
[2020.02.22-05.37.12:723][  0]LogConfig: Applying CVar settings from Section [EffectsQuality@3] File [D:/UE4Projects/Multiplayer/Saved/Config/Windows/Scalability.ini]
[2020.02.22-05.37.12:723][  0]LogConfig: Setting CVar [[r.TranslucencyLightingVolumeDim:64]]
[2020.02.22-05.37.12:723][  0]LogConfig: Setting CVar [[r.RefractionQuality:2]]
[2020.02.22-05.37.12:723][  0]LogConfig: Setting CVar [[r.SSR.Quality:3]]
[2020.02.22-05.37.12:723][  0]LogConfig: Setting CVar [[r.SSR.HalfResSceneColor:0]]
[2020.02.22-05.37.12:723][  0]LogConfig: Setting CVar [[r.SceneColorFormat:4]]
[2020.02.22-05.37.12:723][  0]LogConfig: Setting CVar [[r.DetailMode:2]]
[2020.02.22-05.37.12:723][  0]LogConfig: Setting CVar [[r.TranslucencyVolumeBlur:1]]
[2020.02.22-05.37.12:723][  0]LogConfig: Setting CVar [[r.MaterialQualityLevel:1 ; High quality]]
[2020.02.22-05.37.12:723][  0]LogConfig: Setting CVar [[r.SSS.Scale:1]]
[2020.02.22-05.37.12:723][  0]LogConfig: Setting CVar [[r.SSS.SampleSet:2]]
[2020.02.22-05.37.12:723][  0]LogConfig: Setting CVar [[r.SSS.Quality:1]]
[2020.02.22-05.37.12:723][  0]LogConfig: Setting CVar [[r.SSS.HalfRes:1]]
[2020.02.22-05.37.12:723][  0]LogConfig: Setting CVar [[r.SSGI.Quality:3]]
[2020.02.22-05.37.12:723][  0]LogConfig: Setting CVar [[r.EmitterSpawnRateScale:1.0]]
[2020.02.22-05.37.12:723][  0]LogConfig: Setting CVar [[r.ParticleLightQuality:2]]
[2020.02.22-05.37.12:723][  0]LogConfig: Setting CVar [[r.SkyAtmosphere.AerialPerspectiveLUT.FastApplyOnOpaque:1 ; Always have FastSkyLUT 1 in this case to avoid wrong sky]]
[2020.02.22-05.37.12:723][  0]LogConfig: Setting CVar [[r.SkyAtmosphere.AerialPerspectiveLUT.SampleCountPerSlice:1]]
[2020.02.22-05.37.12:723][  0]LogConfig: Setting CVar [[r.SkyAtmosphere.AerialPerspectiveLUT.DepthResolution:16.0]]
[2020.02.22-05.37.12:723][  0]LogConfig: Setting CVar [[r.SkyAtmosphere.FastSkyLUT:1]]
[2020.02.22-05.37.12:723][  0]LogConfig: Setting CVar [[r.SkyAtmosphere.FastSkyLUT.SampleCountMin:4.0]]
[2020.02.22-05.37.12:723][  0]LogConfig: Setting CVar [[r.SkyAtmosphere.FastSkyLUT.SampleCountMax:32.0]]
[2020.02.22-05.37.12:723][  0]LogConfig: Setting CVar [[r.SkyAtmosphere.SampleCountMin:4.0]]
[2020.02.22-05.37.12:723][  0]LogConfig: Setting CVar [[r.SkyAtmosphere.SampleCountMax:32.0]]
[2020.02.22-05.37.12:723][  0]LogConfig: Setting CVar [[r.SkyAtmosphere.TransmittanceLUT.UseSmallFormat:0]]
[2020.02.22-05.37.12:723][  0]LogConfig: Setting CVar [[r.SkyAtmosphere.TransmittanceLUT.SampleCount:10.0]]
[2020.02.22-05.37.12:723][  0]LogConfig: Setting CVar [[r.SkyAtmosphere.MultiScatteringLUT.SampleCount:15.0]]
[2020.02.22-05.37.12:723][  0]LogConfig: Applying CVar settings from Section [FoliageQuality@3] File [D:/UE4Projects/Multiplayer/Saved/Config/Windows/Scalability.ini]
[2020.02.22-05.37.12:723][  0]LogConfig: Setting CVar [[foliage.DensityScale:1.0]]
[2020.02.22-05.37.12:723][  0]LogConfig: Setting CVar [[grass.DensityScale:1.0]]
[2020.02.22-05.37.12:723][  0]LogConfig: Applying CVar settings from Section [ShadingQuality@3] File [D:/UE4Projects/Multiplayer/Saved/Config/Windows/Scalability.ini]
[2020.02.22-05.37.12:723][  0]LogConfig: Setting CVar [[r.HairStrands.SkyLighting.SampleCount:16]]
[2020.02.22-05.37.12:723][  0]LogConfig: Setting CVar [[r.HairStrands.SkyLighting.JitterIntegration:0]]
[2020.02.22-05.37.12:723][  0]LogConfig: Setting CVar [[r.HairStrands.SkyAO.SampleCount:16]]
[2020.02.22-05.37.12:723][  0]LogConfig: Applying CVar settings from Section [Startup] File [../../../Engine/Config/ConsoleVariables.ini]
[2020.02.22-05.37.12:723][  0]LogConfig: Setting CVar [[net.UseAdaptiveNetUpdateFrequency:0]]
[2020.02.22-05.37.12:723][  0]LogConfig: Setting CVar [[p.chaos.AllowCreatePhysxBodies:1]]
[2020.02.22-05.37.12:723][  0]LogConfig: Applying CVar settings from Section [ConsoleVariables] File [D:/UE4Projects/Multiplayer/Saved/Config/Windows/Engine.ini]
[2020.02.22-05.37.12:724][  0]LogInit: Computer: BIRDNEST
[2020.02.22-05.37.12:724][  0]LogInit: User: gones
[2020.02.22-05.37.12:724][  0]LogInit: CPU Page size=4096, Cores=4
[2020.02.22-05.37.12:724][  0]LogInit: High frequency timer resolution =10.000000 MHz
[2020.02.22-05.37.12:724][  0]LogMemory: Memory total: Physical=15.9GB (16GB approx)
[2020.02.22-05.37.12:724][  0]LogMemory: Platform Memory Stats for Windows
[2020.02.22-05.37.12:724][  0]LogMemory: Process Physical Memory: 143.50 MB used, 143.50 MB peak
[2020.02.22-05.37.12:724][  0]LogMemory: Process Virtual Memory: 119.86 MB used, 119.86 MB peak
[2020.02.22-05.37.12:724][  0]LogMemory: Physical Memory: 13007.97 MB used,  3318.12 MB free, 16326.09 MB total
[2020.02.22-05.37.12:724][  0]LogMemory: Virtual Memory: 5355.24 MB used,  134212376.00 MB free, 134217728.00 MB total
[2020.02.22-05.37.12:729][  0]LogWindows: WindowsPlatformFeatures enabled
[2020.02.22-05.37.12:781][  0]LogInit: Using OS detected language (en-GB).
[2020.02.22-05.37.12:781][  0]LogInit: Using OS detected locale (en-GB).
[2020.02.22-05.37.12:782][  0]LogTextLocalizationManager: No specific localization for 'en-GB' exists, so the 'en' localization will be used.
[2020.02.22-05.37.13:005][  0]LogSlate: New Slate User Created.  User Index 0, Is Virtual User: 0
[2020.02.22-05.37.13:005][  0]LogSlate: Slate User Registered.  User Index 0, Is Virtual User: 0
[2020.02.22-05.37.13:018][  0]LogD3D11RHI: D3D11 min allowed feature level: 11_0
[2020.02.22-05.37.13:018][  0]LogD3D11RHI: D3D11 max allowed feature level: 11_0
[2020.02.22-05.37.13:018][  0]LogD3D11RHI: D3D11 adapters:
[2020.02.22-05.37.13:129][  0]LogD3D11RHI:    0. 'NVIDIA GeForce GTX 1070' (Feature Level 11_0)
[2020.02.22-05.37.13:129][  0]LogD3D11RHI:       8088/0/8163 MB DedicatedVideo/DedicatedSystem/SharedSystem, Outputs:1, VendorId:0x10de
[2020.02.22-05.37.13:135][  0]LogD3D11RHI:    1. 'Microsoft Basic Render Driver' (Feature Level 11_0)
[2020.02.22-05.37.13:135][  0]LogD3D11RHI:       0/0/8163 MB DedicatedVideo/DedicatedSystem/SharedSystem, Outputs:0, VendorId:0x1414
[2020.02.22-05.37.13:135][  0]LogD3D11RHI: Chosen D3D11 Adapter: 0
[2020.02.22-05.37.13:151][  0]LogD3D11RHI: Creating new Direct3DDevice
[2020.02.22-05.37.13:152][  0]LogD3D11RHI:     GPU DeviceId: 0x1b81 (for the marketing name, search the web for "GPU Device Id")
[2020.02.22-05.37.13:152][  0]LogWindows: EnumDisplayDevices:
[2020.02.22-05.37.13:152][  0]LogWindows:    0. 'NVIDIA GeForce GTX 1070' (P:1 D:1)
[2020.02.22-05.37.13:153][  0]LogWindows:    1. 'NVIDIA GeForce GTX 1070' (P:0 D:0)
[2020.02.22-05.37.13:153][  0]LogWindows:    2. 'NVIDIA GeForce GTX 1070' (P:0 D:0)
[2020.02.22-05.37.13:153][  0]LogWindows:    3. 'NVIDIA GeForce GTX 1070' (P:0 D:0)
[2020.02.22-05.37.13:153][  0]LogWindows: DebugString: FoundDriverCount:4 
[2020.02.22-05.37.13:153][  0]LogD3D11RHI:     Adapter Name: NVIDIA GeForce GTX 1070
[2020.02.22-05.37.13:153][  0]LogD3D11RHI:   Driver Version: 441.87 (internal:26.21.14.4187, unified:441.87)
[2020.02.22-05.37.13:153][  0]LogD3D11RHI:      Driver Date: 12-24-2019
[2020.02.22-05.37.13:153][  0]LogRHI: Texture pool is 5661 MB (70% of 8088 MB)
[2020.02.22-05.37.13:226][  0]LogD3D11RHI: RHI has support for 64 bit atomics
[2020.02.22-05.37.13:226][  0]LogD3D11RHI: Async texture creation enabled
[2020.02.22-05.37.13:242][  0]LogD3D11RHI: GPU Timing Frequency: 1000.000000 (Debug: 2 1)
[2020.02.22-05.37.13:747][  0]LogTargetPlatformManager: Display: Loaded TargetPlatform 'WindowsNoEditor'
[2020.02.22-05.37.13:751][  0]LogTargetPlatformManager: Display: Loaded TargetPlatform 'Windows'
[2020.02.22-05.37.13:761][  0]LogTargetPlatformManager: Display: Loaded TargetPlatform 'WindowsClient'
[2020.02.22-05.37.13:770][  0]LogTargetPlatformManager: Display: Loaded TargetPlatform 'WindowsServer'
[2020.02.22-05.37.13:770][  0]LogTargetPlatformManager: Display: Building Assets For Windows
[2020.02.22-05.37.13:778][  0]LogAudioDebug: Display: Lib vorbis DLL was dynamically loaded.
[2020.02.22-05.37.13:834][  0]LogShaderCompilers: Guid format shader working directory is 4 characters bigger than the processId version (../../../../../../UE4Projects/Multiplayer/Intermediate/Shaders/WorkingDirectory/54504/).
[2020.02.22-05.37.13:834][  0]LogShaderCompilers: Cleaned the shader compiler working directory 'C:/Users/gones/AppData/Local/Temp/UnrealShaderWorkingDir/0118723D453A0E7EFEF1D9832CBD39CC/'.
[2020.02.22-05.37.13:835][  0]LogXGEController: Cannot use XGE Controller as Incredibuild is not installed on this machine.
[2020.02.22-05.37.13:835][  0]LogShaderCompilers: Cannot use XGE Shader Compiler as Incredibuild is not installed on this machine.
[2020.02.22-05.37.13:835][  0]LogShaderCompilers: Display: Using Local Shader Compiler.
[2020.02.22-05.37.14:740][  0]LogDerivedDataCache: Display: Max Cache Size: 512 MB
[2020.02.22-05.37.14:823][  0]LogDerivedDataCache: Loaded boot cache 0.08s 78MB C:/Users/gones/AppData/Local/UnrealEngine/4.24/DerivedDataCache/Boot.ddc.
[2020.02.22-05.37.14:824][  0]LogDerivedDataCache: Display: Loaded Boot cache: C:/Users/gones/AppData/Local/UnrealEngine/4.24/DerivedDataCache/Boot.ddc
[2020.02.22-05.37.14:824][  0]LogDerivedDataCache: FDerivedDataBackendGraph:  Pak pak cache file ../../../../../../UE4Projects/Multiplayer/DerivedDataCache/DDC.ddp not found, will not use a pak cache.
[2020.02.22-05.37.14:824][  0]LogDerivedDataCache: Unable to find inner node Pak for hierarchical cache Hierarchy.
[2020.02.22-05.37.14:824][  0]LogDerivedDataCache: FDerivedDataBackendGraph:  CompressedPak pak cache file ../../../../../../UE4Projects/Multiplayer/DerivedDataCache/Compressed.ddp not found, will not use a pak cache.
[2020.02.22-05.37.14:824][  0]LogDerivedDataCache: Unable to find inner node CompressedPak for hierarchical cache Hierarchy.
[2020.02.22-05.37.14:837][  0]LogDerivedDataCache: Display: Pak cache opened for reading ../../../Engine/DerivedDataCache/Compressed.ddp.
[2020.02.22-05.37.14:837][  0]LogDerivedDataCache: FDerivedDataBackendGraph:  EnterprisePak pak cache file ../../../Enterprise/DerivedDataCache/Compressed.ddp not found, will not use a pak cache.
[2020.02.22-05.37.14:837][  0]LogDerivedDataCache: Unable to find inner node EnterprisePak for hierarchical cache Hierarchy.
[2020.02.22-05.37.14:841][  0]LogDerivedDataCache: Using Local data cache path C:/Users/gones/AppData/Local/UnrealEngine/Common/DerivedDataCache: Writable
[2020.02.22-05.37.14:841][  0]LogDerivedDataCache: Shared data cache path not found in *engine.ini, will not use an Shared cache.
[2020.02.22-05.37.14:841][  0]LogDerivedDataCache: Unable to find inner node Shared for hierarchical cache Hierarchy.
[2020.02.22-05.37.14:872][  0]LogMaterial: Verifying Global Shaders for PCD3D_SM5
[2020.02.22-05.37.14:874][  0]LogSlate: Using FreeType 2.10.0
[2020.02.22-05.37.14:875][  0]LogSlate: SlateFontServices - WITH_FREETYPE: 1, WITH_HARFBUZZ: 1
[2020.02.22-05.37.15:083][  0]LogInit: Using OS detected language (en-GB).
[2020.02.22-05.37.15:083][  0]LogInit: Using OS detected locale (en-GB).
[2020.02.22-05.37.15:083][  0]LogTextLocalizationManager: No localization for 'en-GB' exists, so 'en' will be used for the language.
[2020.02.22-05.37.15:083][  0]LogTextLocalizationManager: No localization for 'en-GB' exists, so 'en' will be used for the locale.
[2020.02.22-05.37.15:083][  0]LogSlate: FontCache flush requested. Reason: Culture for localization was changed
[2020.02.22-05.37.15:084][  0]LogSlate: FontCache flush requested. Reason: Culture for localization was changed
[2020.02.22-05.37.15:087][  0]LogTextLocalizationManager: Compacting localization data took   0.00ms
[2020.02.22-05.37.15:091][  0]LogAssetRegistry: FAssetRegistry took 0.0020 seconds to start up
[2020.02.22-05.37.15:518][  0]LogPackageLocalizationCache: Processed 9 localized package path(s) for 1 prioritized culture(s) in 0.000966 seconds
[2020.02.22-05.37.15:632][  0]LogInit: Selected Device Profile: [Windows]
[2020.02.22-05.37.15:815][  0]LogMeshReduction: Using QuadricMeshReduction for automatic static mesh reduction
[2020.02.22-05.37.15:815][  0]LogMeshReduction: Using SimplygonMeshReduction for automatic skeletal mesh reduction
[2020.02.22-05.37.15:815][  0]LogMeshReduction: Using ProxyLODMeshReduction for automatic mesh merging
[2020.02.22-05.37.15:815][  0]LogMeshReduction: No distributed automatic mesh merging module available
[2020.02.22-05.37.15:815][  0]LogMeshMerging: No distributed automatic mesh merging module available
[2020.02.22-05.37.15:838][  0]LogNetVersion: Multiplayer 1.0.0, NetCL: 10570792, EngineNetVer: 13, GameNetVer: 0 (Checksum: 331573463)
[2020.02.22-05.37.16:750][  0]LogMoviePlayer: Initializing movie player
[2020.02.22-05.37.16:924][  0]LogTcpMessaging: Initializing TcpMessaging bridge
[2020.02.22-05.37.16:943][  0]LogUdpMessaging: Initializing bridge on interface 0.0.0.0:0 to multicast group 230.0.0.1:6666.
[2020.02.22-05.37.16:995][  0]SourceControl: Source control is disabled
[2020.02.22-05.37.16:996][  0]SourceControl: Source control is disabled
[2020.02.22-05.37.16:997][  0]SourceControl: Source control is disabled
[2020.02.22-05.37.17:061][  0]LogAndroidPermission: UAndroidPermissionCallbackProxy::GetInstance
[2020.02.22-05.37.17:073][  0]LogAudioCaptureCore: Display: No Audio Capture implementations found. Audio input will be silent.
[2020.02.22-05.37.17:074][  0]LogAudioCaptureCore: Display: No Audio Capture implementations found. Audio input will be silent.
[2020.02.22-05.37.17:114][  0]LogUObjectArray: 52487 objects as part of root set at end of initial load.
[2020.02.22-05.37.17:114][  0]LogUObjectAllocator: 9247920 out of 0 bytes used by permanent object pool.
[2020.02.22-05.37.17:114][  0]LogUObjectArray: CloseDisregardForGC: 0/0 objects in disregard for GC pool
[2020.02.22-05.37.17:178][  0]LogEngine: Initializing Engine...
[2020.02.22-05.37.17:179][  0]LogStats: UGameplayTagsManager::InitializeManager -  0.000 s
[2020.02.22-05.37.17:411][  0]LogInit: Initializing FReadOnlyCVARCache
[2020.02.22-05.37.17:413][  0]LogAudioMixer: Display: Audio Mixer Platform Settings:
[2020.02.22-05.37.17:413][  0]LogAudioMixer: Display: 	Sample Rate:						  48000
[2020.02.22-05.37.17:413][  0]LogAudioMixer: Display: 	Callback Buffer Frame Size Requested: 1024
[2020.02.22-05.37.17:413][  0]LogAudioMixer: Display: 	Callback Buffer Frame Size To Use:	  1024
[2020.02.22-05.37.17:413][  0]LogAudioMixer: Display: 	Number of buffers to queue:			  2
[2020.02.22-05.37.17:413][  0]LogAudioMixer: Display: 	Max Channels (voices):				  32
[2020.02.22-05.37.17:413][  0]LogAudioMixer: Display: 	Number of Async Source Workers:		  0
[2020.02.22-05.37.17:413][  0]LogAudio: Display: AudioDevice MaxSources: 32
[2020.02.22-05.37.17:413][  0]LogAudio: Display: Using built-in audio occlusion.
[2020.02.22-05.37.17:413][  0]LogAudioMixer: Display: Initializing audio mixer.
[2020.02.22-05.37.17:445][  0]LogAudioMixer: Display: Audio Device Output Speaker Info:
[2020.02.22-05.37.17:445][  0]LogAudioMixer: Display: Name: Høyttalere (Realtek High Definition Audio)
[2020.02.22-05.37.17:445][  0]LogAudioMixer: Display: Is Default: Yes
[2020.02.22-05.37.17:445][  0]LogAudioMixer: Display: Sample Rate: 48000
[2020.02.22-05.37.17:445][  0]LogAudioMixer: Display: Channel Count Used: 2
[2020.02.22-05.37.17:445][  0]LogAudioMixer: Display: Device Channel Count: 2
[2020.02.22-05.37.17:445][  0]LogAudioMixer: Display: Channel Order:
[2020.02.22-05.37.17:445][  0]LogAudioMixer: Display: 0: FrontLeft
[2020.02.22-05.37.17:445][  0]LogAudioMixer: Display: 1: FrontRight
[2020.02.22-05.37.17:472][  0]LogAudioMixer: Display: Using Audio Device Høyttalere (Realtek High Definition Audio)
[2020.02.22-05.37.17:480][  0]LogInit: FAudioDevice initialized.
[2020.02.22-05.37.17:481][  0]LogNetVersion: Set ProjectVersion to 1.0.0.0. Version Checksum will be recalculated on next use.
[2020.02.22-05.37.17:486][  0]LogInit: Texture streaming: Enabled
[2020.02.22-05.37.17:756][  0]AdvancedFriendsInterfaceLog: Warning: UAdvancedFriendsInstance Failed to get voice interface!
[2020.02.22-05.37.17:759][  0]LogSlate: Updating window title bar state: overlay mode, drag disabled, window buttons hidden, title bar hidden
[2020.02.22-05.37.17:759][  0]LogInit: Display: Game Engine Initialized.
[2020.02.22-05.37.17:781][  0]LogInit: Display: Starting Game.
[2020.02.22-05.37.17:781][  0]LogNet: Browse: /Game/Levels/Lobby?Name=Player
[2020.02.22-05.37.17:781][  0]LogLoad: LoadMap: /Game/Levels/Lobby?Name=Player
[2020.02.22-05.37.17:781][  0]LogWorld: BeginTearingDown for /Temp/Untitled_0
[2020.02.22-05.37.17:783][  0]LogWorld: UWorld::CleanupWorld for Untitled, bSessionEnded=true, bCleanupResources=true
[2020.02.22-05.37.17:783][  0]LogSlate: InvalidateAllWidgets triggered.  All widgets were invalidated
[2020.02.22-05.37.17:803][  0]LogAudioMixer: Display: No commands were queued while flushing the source manager.
[2020.02.22-05.37.17:806][  0]LogUObjectHash: Compacting FUObjectHashTables data took   2.05ms
[2020.02.22-05.37.17:902][  0]LogAIModule: Creating AISystem for world Lobby
[2020.02.22-05.37.17:933][  0]LogLoad: Game class is 'MyGameMode_C'
[2020.02.22-05.37.17:937][  0]LogWorld: Bringing World /Game/Levels/Lobby.Lobby up for play (max tick rate 0) at 2020.02.22-06.37.17
[2020.02.22-05.37.17:937][  0]LogWorld: Bringing up level for play took: 0.002815
[2020.02.22-05.37.17:941][  0]LogLoad: Took 0.159437 seconds to LoadMap(/Game/Levels/Lobby)
[2020.02.22-05.37.17:969][  0]LogRenderer: Reallocating scene render targets to support 908x512 Format 10 NumSamples 1 (Frame:1).
[2020.02.22-05.37.17:969][  0]LogLoad: (Engine Initialization) Total time: 8.10 seconds
[2020.02.22-05.37.17:969][  0]LogLoad: (Engine Initialization) Total Blueprint compile time: 0.00 seconds
[2020.02.22-05.37.18:020][  0]LogContentStreaming: Texture pool size now 1000 MB
[2020.02.22-05.37.18:022][  0]LogSlate: InvalidateAllWidgets triggered.  All widgets were invalidated
[2020.02.22-05.37.18:991][  0]LogRenderer: Reallocating scene render targets to support 128x128 Format 10 NumSamples 1 (Frame:1).
[2020.02.22-05.37.19:023][  0]LogRenderer: Reallocating scene render targets to support 908x512 Format 10 NumSamples 1 (Frame:2).
[2020.02.22-05.37.26:462][704]LogAudio: Display: Waited 36.835701 ms for audio thread.
[2020.02.22-05.37.26:469][704]LogAudio: Display: Waited 43.521301 ms for audio thread.
[2020.02.22-05.37.29:464][429]LogAudio: Display: Waited 36.482597 ms for audio thread.
[2020.02.22-05.37.29:491][429]LogAudio: Display: Waited 63.713699 ms for audio thread.
[2020.02.22-05.38.07:280][876]LogAudio: Display: Waited 40.510300 ms for audio thread.
[2020.02.22-05.38.07:611][963]LogAudio: Display: Waited 38.142300 ms for audio thread.
[2020.02.22-05.38.07:646][963]LogAudio: Display: Waited 72.611801 ms for audio thread.
[2020.02.22-05.38.07:682][963]LogAudio: Display: Waited 108.573700 ms for audio thread.
[2020.02.22-05.38.07:695][963]LogAudio: Display: Waited 122.429100 ms for audio thread.
[2020.02.22-05.38.26:712][393]LogAudio: Display: Waited 35.736401 ms for audio thread.
[2020.02.22-05.38.26:720][393]LogAudio: Display: Waited 42.979797 ms for audio thread.
[2020.02.22-05.38.27:430][606]LogAudio: Display: Waited 70.281898 ms for audio thread.
[2020.02.22-05.38.27:435][606]LogAudio: Display: Waited 76.108299 ms for audio thread.
[2020.02.22-05.38.27:586][610]LogAudio: Display: Waited 35.594398 ms for audio thread.
[2020.02.22-05.38.27:611][610]LogAudio: Display: Waited 60.902901 ms for audio thread.
[2020.02.22-05.38.30:075][333]LogAudio: Display: Waited 35.252399 ms for audio thread.
[2020.02.22-05.38.30:082][333]LogAudio: Display: Waited 42.538403 ms for audio thread.
[2020.02.22-05.38.30:584][390]LogAudio: Display: Waited 35.373299 ms for audio thread.
[2020.02.22-05.38.30:590][390]LogAudio: Display: Waited 42.677902 ms for audio thread.
[2020.02.22-05.38.30:654][394]LogAudio: Display: Waited 35.050701 ms for audio thread.
[2020.02.22-05.38.30:671][394]LogAudio: Display: Waited 51.892300 ms for audio thread.
[2020.02.22-05.38.31:222][454]LogAudio: Display: Waited 35.694698 ms for audio thread.
[2020.02.22-05.38.31:223][454]LogAudio: Display: Waited 36.868599 ms for audio thread.
[2020.02.22-05.38.31:745][500]LogAudio: Display: Waited 35.954597 ms for audio thread.
[2020.02.22-05.38.31:748][500]LogAudio: Display: Waited 39.226101 ms for audio thread.
[2020.02.22-05.38.32:425][571]LogAudio: Display: Waited 35.490299 ms for audio thread.
[2020.02.22-05.38.32:427][571]LogAudio: Display: Waited 37.958202 ms for audio thread.
[2020.02.22-05.38.32:463][572]LogAudio: Display: Waited 35.157402 ms for audio thread.
[2020.02.22-05.38.32:475][572]LogAudio: Display: Waited 47.651699 ms for audio thread.
[2020.02.22-05.38.35:880][113]LogAudio: Display: Waited 35.215000 ms for audio thread.
[2020.02.22-05.38.35:880][113]LogAudio: Display: Waited 36.065002 ms for audio thread.
[2020.02.22-05.38.49:469][572]LogAudio: Display: Waited 38.002499 ms for audio thread.
[2020.02.22-05.38.59:693][793]LogAudio: Display: Waited 36.029400 ms for audio thread.
[2020.02.22-05.38.59:695][793]LogAudio: Display: Waited 38.463398 ms for audio thread.
[2020.02.22-05.39.46:492][448]LogAudio: Display: Waited 37.413101 ms for audio thread.
[2020.02.22-05.39.46:493][448]LogAudio: Display: Waited 38.452801 ms for audio thread.
[2020.02.22-05.40.00:169][335]LogAudio: Display: Waited 36.225502 ms for audio thread.
[2020.02.22-05.40.00:173][335]LogAudio: Display: Waited 40.089397 ms for audio thread.
